<?xml version="1.0" encoding="UTF-8"?>
<!-- Generated by org.testng.reporters.JUnitReportReporter -->
<testsuite hostname="DESKTOP-7B78D8G" failures="0" tests="2" name="Runner.RunnerClass" time="885.677" errors="0" timestamp="2025-08-07T12:20:36 IST" skipped="0">
  <testcase classname="Runner.RunnerClass" name="runScenario" time="434.292"/>
  <testcase classname="Runner.RunnerClass" name="runScenario" time="451.385"/>
</testsuite> <!-- Runner.RunnerClass -->
