<?xml version="1.0" encoding="UTF-8"?>
<!-- Generated by org.testng.reporters.JUnitReportReporter -->
<testsuite hostname="DESKTOP-7B78D8G" failures="0" tests="1" name="testcase.TC_001_LoginFunctionality" time="190.407" errors="0" timestamp="2025-08-12T10:57:55 IST" skipped="0">
  <testcase classname="testcase.TC_001_LoginFunctionality" name="LoginFunctionality" time="190.407"/>
</testsuite> <!-- testcase.TC_001_LoginFunctionality -->
